# JRE version: OpenJDK Runtime Environment (17.0.9) (build 17.0.9+0--11185874)
# Java VM: OpenJDK 64-Bit Server VM (17.0.9+0--11185874, mixed mode, tiered, compressed oops, compressed class ptrs, g1 gc, windows-amd64)
GC Precious Log:
 CPUs: 12 total, 12 available
 Memory: 16108M
 Large Page Support: Disabled
 NUMA Support: Disabled
 Compressed Oops: Enabled (Zero based)
 Heap Region Size: 2M
 Heap Min Capacity: 8M
 Heap Initial Capacity: 252M
 Heap Max Capacity: 4028M
 Pre-touch: Disabled
 Parallel Workers: 10
 Concurrent Workers: 3
 Concurrent Refinement Workers: 10
 Periodic GC: Disabled
Heap:
 garbage-first heap   total 192512K, used 141719K [0x0000000704400000, 0x0000000800000000)
  region size 2048K, 45 young (92160K), 1 survivors (2048K)
 Metaspace       used 64990K, committed 65280K, reserved 1114112K
  class space    used 7455K, committed 7616K, reserved 1048576K
GC Heap History (20 events):
Event: 1.400 GC heap before
{Heap before GC invocations=4 (full 0):
 garbage-first heap   total 49152K, used 35094K [0x0000000704400000, 0x0000000800000000)
  region size 2048K, 15 young (30720K), 4 survivors (8192K)
 Metaspace       used 27841K, committed 28096K, reserved 1114112K
  class space    used 3063K, committed 3200K, reserved 1048576K
}
Event: 1.404 GC heap after
{Heap after GC invocations=5 (full 0):
 garbage-first heap   total 49152K, used 16357K [0x0000000704400000, 0x0000000800000000)
  region size 2048K, 4 young (8192K), 4 survivors (8192K)
 Metaspace       used 27841K, committed 28096K, reserved 1114112K
  class space    used 3063K, committed 3200K, reserved 1048576K
}
Event: 1.720 GC heap before
{Heap before GC invocations=5 (full 0):
 garbage-first heap   total 49152K, used 32741K [0x0000000704400000, 0x0000000800000000)
  region size 2048K, 13 young (26624K), 4 survivors (8192K)
 Metaspace       used 31239K, committed 31488K, reserved 1114112K
  class space    used 3785K, committed 3904K, reserved 1048576K
}
Event: 1.727 GC heap after
{Heap after GC invocations=6 (full 0):
 garbage-first heap   total 49152K, used 21473K [0x0000000704400000, 0x0000000800000000)
  region size 2048K, 2 young (4096K), 2 survivors (4096K)
 Metaspace       used 31239K, committed 31488K, reserved 1114112K
  class space    used 3785K, committed 3904K, reserved 1048576K
}
Event: 1.904 GC heap before
{Heap before GC invocations=6 (full 0):
 garbage-first heap   total 49152K, used 35809K [0x0000000704400000, 0x0000000800000000)
  region size 2048K, 9 young (18432K), 2 survivors (4096K)
 Metaspace       used 34133K, committed 34368K, reserved 1114112K
  class space    used 4339K, committed 4416K, reserved 1048576K
}
Event: 1.910 GC heap after
{Heap after GC invocations=7 (full 0):
 garbage-first heap   total 49152K, used 24303K [0x0000000704400000, 0x0000000800000000)
  region size 2048K, 2 young (4096K), 2 survivors (4096K)
 Metaspace       used 34133K, committed 34368K, reserved 1114112K
  class space    used 4339K, committed 4416K, reserved 1048576K
}
Event: 1.984 GC heap before
{Heap before GC invocations=7 (full 0):
 garbage-first heap   total 49152K, used 32495K [0x0000000704400000, 0x0000000800000000)
  region size 2048K, 7 young (14336K), 2 survivors (4096K)
 Metaspace       used 35984K, committed 36160K, reserved 1114112K
  class space    used 4536K, committed 4608K, reserved 1048576K
}
Event: 1.987 GC heap after
{Heap after GC invocations=8 (full 0):
 garbage-first heap   total 49152K, used 26028K [0x0000000704400000, 0x0000000800000000)
  region size 2048K, 1 young (2048K), 1 survivors (2048K)
 Metaspace       used 35984K, committed 36160K, reserved 1114112K
  class space    used 4536K, committed 4608K, reserved 1048576K
}
Event: 2.082 GC heap before
{Heap before GC invocations=9 (full 0):
 garbage-first heap   total 49152K, used 34220K [0x0000000704400000, 0x0000000800000000)
  region size 2048K, 6 young (12288K), 1 survivors (2048K)
 Metaspace       used 37758K, committed 37952K, reserved 1114112K
  class space    used 4756K, committed 4864K, reserved 1048576K
}
Event: 2.085 GC heap after
{Heap after GC invocations=10 (full 0):
 garbage-first heap   total 153600K, used 25774K [0x0000000704400000, 0x0000000800000000)
  region size 2048K, 1 young (2048K), 1 survivors (2048K)
 Metaspace       used 37758K, committed 37952K, reserved 1114112K
  class space    used 4756K, committed 4864K, reserved 1048576K
}
Event: 2.119 GC heap before
{Heap before GC invocations=10 (full 0):
 garbage-first heap   total 153600K, used 29870K [0x0000000704400000, 0x0000000800000000)
  region size 2048K, 3 young (6144K), 1 survivors (2048K)
 Metaspace       used 38641K, committed 38848K, reserved 1114112K
  class space    used 4851K, committed 4928K, reserved 1048576K
}
Event: 2.123 GC heap after
{Heap after GC invocations=11 (full 0):
 garbage-first heap   total 153600K, used 26015K [0x0000000704400000, 0x0000000800000000)
  region size 2048K, 1 young (2048K), 1 survivors (2048K)
 Metaspace       used 38641K, committed 38848K, reserved 1114112K
  class space    used 4851K, committed 4928K, reserved 1048576K
}
Event: 2.871 GC heap before
{Heap before GC invocations=11 (full 0):
 garbage-first heap   total 153600K, used 101791K [0x0000000704400000, 0x0000000800000000)
  region size 2048K, 37 young (75776K), 1 survivors (2048K)
 Metaspace       used 49786K, committed 50112K, reserved 1114112K
  class space    used 5990K, committed 6144K, reserved 1048576K
}
Event: 2.878 GC heap after
{Heap after GC invocations=12 (full 0):
 garbage-first heap   total 153600K, used 35522K [0x0000000704400000, 0x0000000800000000)
  region size 2048K, 4 young (8192K), 4 survivors (8192K)
 Metaspace       used 49786K, committed 50112K, reserved 1114112K
  class space    used 5990K, committed 6144K, reserved 1048576K
}
Event: 3.956 GC heap before
{Heap before GC invocations=12 (full 0):
 garbage-first heap   total 153600K, used 105154K [0x0000000704400000, 0x0000000800000000)
  region size 2048K, 38 young (77824K), 4 survivors (8192K)
 Metaspace       used 57313K, committed 57600K, reserved 1114112K
  class space    used 6775K, committed 6912K, reserved 1048576K
}
Event: 3.972 GC heap after
{Heap after GC invocations=13 (full 0):
 garbage-first heap   total 153600K, used 45236K [0x0000000704400000, 0x0000000800000000)
  region size 2048K, 5 young (10240K), 5 survivors (10240K)
 Metaspace       used 57313K, committed 57600K, reserved 1114112K
  class space    used 6775K, committed 6912K, reserved 1048576K
}
Event: 4.664 GC heap before
{Heap before GC invocations=13 (full 0):
 garbage-first heap   total 153600K, used 106676K [0x0000000704400000, 0x0000000800000000)
  region size 2048K, 35 young (71680K), 5 survivors (10240K)
 Metaspace       used 59581K, committed 59840K, reserved 1114112K
  class space    used 7047K, committed 7168K, reserved 1048576K
}
Event: 4.681 GC heap after
{Heap after GC invocations=14 (full 0):
 garbage-first heap   total 153600K, used 51886K [0x0000000704400000, 0x0000000800000000)
  region size 2048K, 3 young (6144K), 3 survivors (6144K)
 Metaspace       used 59581K, committed 59840K, reserved 1114112K
  class space    used 7047K, committed 7168K, reserved 1048576K
}
Event: 4.899 GC heap before
{Heap before GC invocations=14 (full 0):
 garbage-first heap   total 153600K, used 55982K [0x0000000704400000, 0x0000000800000000)
  region size 2048K, 6 young (12288K), 3 survivors (6144K)
 Metaspace       used 60362K, committed 60608K, reserved 1114112K
  class space    used 7120K, committed 7232K, reserved 1048576K
}
Event: 4.910 GC heap after
{Heap after GC invocations=15 (full 0):
 garbage-first heap   total 215040K, used 53655K [0x0000000704400000, 0x0000000800000000)
  region size 2048K, 1 young (2048K), 1 survivors (2048K)
 Metaspace       used 60362K, committed 60608K, reserved 1114112K
  class space    used 7120K, committed 7232K, reserved 1048576K
}

