# JRE version: OpenJDK Runtime Environment (17.0.9) (build 17.0.9+0--11185874)
# Java VM: OpenJDK 64-Bit Server VM (17.0.9+0--11185874, mixed mode, tiered, compressed oops, compressed class ptrs, g1 gc, windows-amd64)
GC Precious Log:
 CPUs: 12 total, 12 available
 Memory: 16108M
 Large Page Support: Disabled
 NUMA Support: Disabled
 Compressed Oops: Enabled (Zero based)
 Heap Region Size: 2M
 Heap Min Capacity: 8M
 Heap Initial Capacity: 252M
 Heap Max Capacity: 4028M
 Pre-touch: Disabled
 Parallel Workers: 10
 Concurrent Workers: 3
 Concurrent Refinement Workers: 10
 Periodic GC: Disabled
Heap:
 garbage-first heap   total 153600K, used 53677K [0x0000000704400000, 0x0000000800000000)
  region size 2048K, 2 young (4096K), 2 survivors (4096K)
 Metaspace       used 60163K, committed 60416K, reserved 1114112K
  class space    used 7077K, committed 7232K, reserved 1048576K
GC Heap History (20 events):
Event: 0.959 GC heap after
{Heap after GC invocations=3 (full 0):
 garbage-first heap   total 258048K, used 10518K [0x0000000704400000, 0x0000000800000000)
  region size 2048K, 4 young (8192K), 4 survivors (8192K)
 Metaspace       used 21354K, committed 21504K, reserved 1114112K
  class space    used 2329K, committed 2432K, reserved 1048576K
}
Event: 1.238 GC heap before
{Heap before GC invocations=4 (full 0):
 garbage-first heap   total 49152K, used 35094K [0x0000000704400000, 0x0000000800000000)
  region size 2048K, 15 young (30720K), 4 survivors (8192K)
 Metaspace       used 27889K, committed 28096K, reserved 1114112K
  class space    used 3072K, committed 3200K, reserved 1048576K
}
Event: 1.242 GC heap after
{Heap after GC invocations=5 (full 0):
 garbage-first heap   total 49152K, used 16898K [0x0000000704400000, 0x0000000800000000)
  region size 2048K, 5 young (10240K), 5 survivors (10240K)
 Metaspace       used 27889K, committed 28096K, reserved 1114112K
  class space    used 3072K, committed 3200K, reserved 1048576K
}
Event: 1.473 GC heap before
{Heap before GC invocations=5 (full 0):
 garbage-first heap   total 49152K, used 31234K [0x0000000704400000, 0x0000000800000000)
  region size 2048K, 12 young (24576K), 5 survivors (10240K)
 Metaspace       used 31191K, committed 31424K, reserved 1114112K
  class space    used 3785K, committed 3904K, reserved 1048576K
}
Event: 1.479 GC heap after
{Heap after GC invocations=6 (full 0):
 garbage-first heap   total 49152K, used 18241K [0x0000000704400000, 0x0000000800000000)
  region size 2048K, 2 young (4096K), 2 survivors (4096K)
 Metaspace       used 31191K, committed 31424K, reserved 1114112K
  class space    used 3785K, committed 3904K, reserved 1048576K
}
Event: 1.697 GC heap before
{Heap before GC invocations=6 (full 0):
 garbage-first heap   total 49152K, used 38721K [0x0000000704400000, 0x0000000800000000)
  region size 2048K, 11 young (22528K), 2 survivors (4096K)
 Metaspace       used 34215K, committed 34496K, reserved 1114112K
  class space    used 4348K, committed 4480K, reserved 1048576K
}
Event: 1.703 GC heap after
{Heap after GC invocations=7 (full 0):
 garbage-first heap   total 49152K, used 24337K [0x0000000704400000, 0x0000000800000000)
  region size 2048K, 2 young (4096K), 2 survivors (4096K)
 Metaspace       used 34215K, committed 34496K, reserved 1114112K
  class space    used 4348K, committed 4480K, reserved 1048576K
}
Event: 1.771 GC heap before
{Heap before GC invocations=7 (full 0):
 garbage-first heap   total 49152K, used 32529K [0x0000000704400000, 0x0000000800000000)
  region size 2048K, 7 young (14336K), 2 survivors (4096K)
 Metaspace       used 35907K, committed 36096K, reserved 1114112K
  class space    used 4533K, committed 4608K, reserved 1048576K
}
Event: 1.776 GC heap after
{Heap after GC invocations=8 (full 0):
 garbage-first heap   total 49152K, used 26427K [0x0000000704400000, 0x0000000800000000)
  region size 2048K, 1 young (2048K), 1 survivors (2048K)
 Metaspace       used 35907K, committed 36096K, reserved 1114112K
  class space    used 4533K, committed 4608K, reserved 1048576K
}
Event: 1.876 GC heap before
{Heap before GC invocations=9 (full 0):
 garbage-first heap   total 49152K, used 34619K [0x0000000704400000, 0x0000000800000000)
  region size 2048K, 6 young (12288K), 1 survivors (2048K)
 Metaspace       used 37706K, committed 37952K, reserved 1114112K
  class space    used 4752K, committed 4864K, reserved 1048576K
}
Event: 1.879 GC heap after
{Heap after GC invocations=10 (full 0):
 garbage-first heap   total 49152K, used 26048K [0x0000000704400000, 0x0000000800000000)
  region size 2048K, 1 young (2048K), 1 survivors (2048K)
 Metaspace       used 37706K, committed 37952K, reserved 1114112K
  class space    used 4752K, committed 4864K, reserved 1048576K
}
Event: 1.891 GC heap before
{Heap before GC invocations=10 (full 0):
 garbage-first heap   total 49152K, used 28096K [0x0000000704400000, 0x0000000800000000)
  region size 2048K, 2 young (4096K), 1 survivors (2048K)
 Metaspace       used 38246K, committed 38464K, reserved 1114112K
  class space    used 4804K, committed 4928K, reserved 1048576K
}
Event: 1.894 GC heap after
{Heap after GC invocations=11 (full 0):
 garbage-first heap   total 153600K, used 25876K [0x0000000704400000, 0x0000000800000000)
  region size 2048K, 1 young (2048K), 1 survivors (2048K)
 Metaspace       used 38246K, committed 38464K, reserved 1114112K
  class space    used 4804K, committed 4928K, reserved 1048576K
}
Event: 2.661 GC heap before
{Heap before GC invocations=11 (full 0):
 garbage-first heap   total 153600K, used 97556K [0x0000000704400000, 0x0000000800000000)
  region size 2048K, 35 young (71680K), 1 survivors (2048K)
 Metaspace       used 49831K, committed 50112K, reserved 1114112K
  class space    used 5991K, committed 6144K, reserved 1048576K
}
Event: 2.669 GC heap after
{Heap after GC invocations=12 (full 0):
 garbage-first heap   total 153600K, used 34777K [0x0000000704400000, 0x0000000800000000)
  region size 2048K, 4 young (8192K), 4 survivors (8192K)
 Metaspace       used 49831K, committed 50112K, reserved 1114112K
  class space    used 5991K, committed 6144K, reserved 1048576K
}
Event: 3.847 GC heap before
{Heap before GC invocations=12 (full 0):
 garbage-first heap   total 153600K, used 102361K [0x0000000704400000, 0x0000000800000000)
  region size 2048K, 37 young (75776K), 4 survivors (8192K)
 Metaspace       used 57369K, committed 57664K, reserved 1114112K
  class space    used 6774K, committed 6912K, reserved 1048576K
}
Event: 3.860 GC heap after
{Heap after GC invocations=13 (full 0):
 garbage-first heap   total 153600K, used 44327K [0x0000000704400000, 0x0000000800000000)
  region size 2048K, 5 young (10240K), 5 survivors (10240K)
 Metaspace       used 57369K, committed 57664K, reserved 1114112K
  class space    used 6774K, committed 6912K, reserved 1048576K
}
Event: 4.547 GC heap before
{Heap before GC invocations=13 (full 0):
 garbage-first heap   total 153600K, used 107815K [0x0000000704400000, 0x0000000800000000)
  region size 2048K, 36 young (73728K), 5 survivors (10240K)
 Metaspace       used 58891K, committed 59200K, reserved 1114112K
  class space    used 6937K, committed 7104K, reserved 1048576K
}
Event: 4.563 GC heap after
{Heap after GC invocations=14 (full 0):
 garbage-first heap   total 153600K, used 50779K [0x0000000704400000, 0x0000000800000000)
  region size 2048K, 4 young (8192K), 4 survivors (8192K)
 Metaspace       used 58891K, committed 59200K, reserved 1114112K
  class space    used 6937K, committed 7104K, reserved 1048576K
}
Event: 4.910 GC heap before
{Heap before GC invocations=14 (full 0):
 garbage-first heap   total 153600K, used 61019K [0x0000000704400000, 0x0000000800000000)
  region size 2048K, 10 young (20480K), 4 survivors (8192K)
 Metaspace       used 60163K, committed 60416K, reserved 1114112K
  class space    used 7077K, committed 7232K, reserved 1048576K
}

